Using pre-set license
Built from '2020.3/staging' branch; Version is '2020.3.17f1 (a4537701e4ab) revision 10769271'; Using compiler version '192528614'; Build Type 'Release'
OS: 'Windows 8.1  (6.3.0) 64bit' Language: 'en' Physical Memory: 16244 MB
BatchMode: 1, IsHumanControllingUs: 0, StartBugReporterOnCrash: 0, Is64bit: 1, IsPro: 0

COMMAND LINE ARGUMENTS:
C:\Program Files\Unity\Hub\Editor\2020.3.17f1\Editor\Unity.exe
-adb2
-batchMode
-noUpm
-name
AssetImportWorker0
-projectPath
C:/Users/Kitanae/Documents/GitHub/A Fantastic Guide to Fantastical Beings
-logFile
Logs/AssetImportWorker0.log
-srvPort
21640
Successfully changed project path to: C:/Users/Kitanae/Documents/GitHub/A Fantastic Guide to Fantastical Beings
C:/Users/Kitanae/Documents/GitHub/A Fantastic Guide to Fantastical Beings
Using Asset Import Pipeline V2.
Refreshing native plugins compatible for Editor in 68.09 ms, found 3 plugins.
Preloading 0 native plugins for Editor in 0.00 ms.
Initialize engine version: 2020.3.17f1 (a4537701e4ab)
[Subsystems] Discovering subsystems at path C:/Program Files/Unity/Hub/Editor/2020.3.17f1/Editor/Data/Resources/UnitySubsystems
[Subsystems] Discovering subsystems at path C:/Users/Kitanae/Documents/GitHub/A Fantastic Guide to Fantastical Beings/Assets
GfxDevice: creating device client; threaded=0
d3d11: QueryInterface(IDXGIFactory5) failed (80004002).
Direct3D:
    Version:  Direct3D 11.0 [level 11.1]
    Renderer: NVIDIA GeForce GTX 1660 (ID=0x2184)
    Vendor:   
    VRAM:     5951 MB
    Driver:   26.21.14.4587
Initialize mono
Mono path[0] = 'C:/Program Files/Unity/Hub/Editor/2020.3.17f1/Editor/Data/Managed'
Mono path[1] = 'C:/Program Files/Unity/Hub/Editor/2020.3.17f1/Editor/Data/MonoBleedingEdge/lib/mono/unityjit'
Mono config path = 'C:/Program Files/Unity/Hub/Editor/2020.3.17f1/Editor/Data/MonoBleedingEdge/etc'
Using monoOptions --debugger-agent=transport=dt_socket,embedding=1,server=y,suspend=n,address=127.0.0.1:56996
Begin MonoManager ReloadAssembly
Registering precompiled unity dll's ...
Register platform support module: C:/Program Files/Unity/Hub/Editor/2020.3.17f1/Editor/Data/PlaybackEngines/WebGLSupport/UnityEditor.WebGL.Extensions.dll
Register platform support module: C:/Program Files/Unity/Hub/Editor/2020.3.17f1/Editor/Data/PlaybackEngines/WindowsStandaloneSupport/UnityEditor.WindowsStandalone.Extensions.dll
Registered in 0.001322 seconds.
Native extension for WindowsStandalone target not found
Native extension for WebGL target not found
Refreshing native plugins compatible for Editor in 67.30 ms, found 3 plugins.
Preloading 0 native plugins for Editor in 0.00 ms.
Mono: successfully reloaded assembly
- Completed reload, in  1.145 seconds
Domain Reload Profiling:
	ReloadAssembly (1145ms)
		BeginReloadAssembly (53ms)
			ExecutionOrderSort (0ms)
			DisableScriptedObjects (0ms)
			BackupInstance (0ms)
			ReleaseScriptingObjects (0ms)
			CreateAndSetChildDomain (1ms)
		EndReloadAssembly (489ms)
			LoadAssemblies (52ms)
			RebuildTransferFunctionScriptingTraits (0ms)
			SetupTypeCache (171ms)
			ReleaseScriptCaches (0ms)
			RebuildScriptCaches (37ms)
			SetupLoadedEditorAssemblies (206ms)
				LogAssemblyErrors (0ms)
				InitializePlatformSupportModulesInManaged (6ms)
				SetLoadedEditorAssemblies (0ms)
				RefreshPlugins (67ms)
				BeforeProcessingInitializeOnLoad (14ms)
				ProcessInitializeOnLoadAttributes (87ms)
				ProcessInitializeOnLoadMethodAttributes (31ms)
				AfterProcessingInitializeOnLoad (0ms)
				EditorAssembliesLoaded (0ms)
			ExecutionOrderSort2 (0ms)
			AwakeInstancesAfterBackupRestoration (0ms)
Platform modules already initialized, skipping
Registering precompiled user dll's ...
Registered in 0.003190 seconds.
Begin MonoManager ReloadAssembly
Native extension for WindowsStandalone target not found
Native extension for WebGL target not found
Refreshing native plugins compatible for Editor in 68.96 ms, found 3 plugins.
Preloading 0 native plugins for Editor in 0.00 ms.
Mono: successfully reloaded assembly
- Completed reload, in  1.435 seconds
Domain Reload Profiling:
	ReloadAssembly (1436ms)
		BeginReloadAssembly (154ms)
			ExecutionOrderSort (0ms)
			DisableScriptedObjects (5ms)
			BackupInstance (0ms)
			ReleaseScriptingObjects (0ms)
			CreateAndSetChildDomain (22ms)
		EndReloadAssembly (1216ms)
			LoadAssemblies (95ms)
			RebuildTransferFunctionScriptingTraits (0ms)
			SetupTypeCache (370ms)
			ReleaseScriptCaches (1ms)
			RebuildScriptCaches (66ms)
			SetupLoadedEditorAssemblies (538ms)
				LogAssemblyErrors (0ms)
				InitializePlatformSupportModulesInManaged (4ms)
				SetLoadedEditorAssemblies (0ms)
				RefreshPlugins (69ms)
				BeforeProcessingInitializeOnLoad (100ms)
				ProcessInitializeOnLoadAttributes (344ms)
				ProcessInitializeOnLoadMethodAttributes (16ms)
				AfterProcessingInitializeOnLoad (4ms)
				EditorAssembliesLoaded (0ms)
			ExecutionOrderSort2 (0ms)
			AwakeInstancesAfterBackupRestoration (7ms)
Platform modules already initialized, skipping
========================================================================
Worker process is ready to serve import requests
Launched and connected shader compiler UnityShaderCompiler.exe after 0.02 seconds
Refreshing native plugins compatible for Editor in 0.75 ms, found 3 plugins.
Preloading 0 native plugins for Editor in 0.00 ms.
Unloading 3187 Unused Serialized files (Serialized files now loaded: 0)
System memory in use before: 136.5 MB.
System memory in use after: 136.7 MB.

Unloading 29 unused Assets to reduce memory usage. Loaded Objects now: 3624.
Total: 5.101057 ms (FindLiveObjects: 0.423300 ms CreateObjectMapping: 0.332171 ms MarkObjects: 4.242328 ms  DeleteObjects: 0.101393 ms)

AssetImportParameters requested are different than current active one (requested -> active):
  custom:framework-win-MediaFoundation: 216162199b28c13a410421893ffa2e32 -> 
  custom:video-decoder-ogg-theora: a1e56fd34408186e4bbccfd4996cb3dc -> 
  custom:container-muxer-webm: aa71ff27fc2769a1b78a27578f13a17b -> 
  custom:container-demuxer-webm: 4f35f7cbe854078d1ac9338744f61a02 -> 
  custom:container-demuxer-ogg: 62fdf1f143b41e24485cea50d1cbac27 -> 
  custom:video-encoder-webm-vp8: eb34c28f22e8b96e1ab97ce403110664 -> 
  custom:video-decoder-webm-vp8: 9c59270c3fd7afecdb556c50c9e8de78 -> 
  custom:audio-decoder-ogg-vorbis: bf7c407c2cedff20999df2af8eb42d56 -> 
  custom:audio-encoder-webm-vorbis: bf7c407c2cedff20999df2af8eb42d56 -> 
========================================================================
Received Import Request.
  path: Assets
  artifactKey: Guid(00000000000000001000000000000000) Importer(815301076,1909f56bfc062723c751e8b465ee728b)
Start importing Assets using Guid(00000000000000001000000000000000) Importer(815301076,1909f56bfc062723c751e8b465ee728b)  -> (artifact id: '42d402b061de3733987d63b9cc3b64de') in 0.042530 seconds 
  Import took 0.049879 seconds .

========================================================================
Received Import Request.
  Time since last request: 1.372305 seconds.
  path: Assets/Scripts
  artifactKey: Guid(a443b934659247a42956d66f2710c702) Importer(815301076,1909f56bfc062723c751e8b465ee728b)
Start importing Assets/Scripts using Guid(a443b934659247a42956d66f2710c702) Importer(815301076,1909f56bfc062723c751e8b465ee728b)  -> (artifact id: '71b90f4ffa1f8f9dd02c084351b5c0b1') in 0.004354 seconds 
  Import took 0.012252 seconds .

========================================================================
Received Import Request.
  Time since last request: 0.003628 seconds.
  path: Assets/Scripts
  artifactKey: Guid(a443b934659247a42956d66f2710c702) Importer(815301076,1909f56bfc062723c751e8b465ee728b)
Start importing Assets/Scripts using Guid(a443b934659247a42956d66f2710c702) Importer(815301076,1909f56bfc062723c751e8b465ee728b)  -> (artifact id: '71b90f4ffa1f8f9dd02c084351b5c0b1') in 0.002940 seconds 
  Import took 0.010761 seconds .

========================================================================
Received Import Request.
  Time since last request: 5.380160 seconds.
  path: Assets/Sprites
  artifactKey: Guid(68b7e5aa58f8c914a9d590e0cd77bace) Importer(815301076,1909f56bfc062723c751e8b465ee728b)
Start importing Assets/Sprites using Guid(68b7e5aa58f8c914a9d590e0cd77bace) Importer(815301076,1909f56bfc062723c751e8b465ee728b)  -> (artifact id: '2399dc66ced4f00cf109edc193b5321e') in 0.003045 seconds 
  Import took 0.009663 seconds .

========================================================================
Received Import Request.
  Time since last request: 8.044708 seconds.
  path: Assets/Sprites/Background
  artifactKey: Guid(b44a2a31bf65e6a438a4c2924a529f70) Importer(815301076,1909f56bfc062723c751e8b465ee728b)
Start importing Assets/Sprites/Background using Guid(b44a2a31bf65e6a438a4c2924a529f70) Importer(815301076,1909f56bfc062723c751e8b465ee728b)  -> (artifact id: 'db2c80e1471c0a5918a51615bf3bdc38') in 0.003620 seconds 
  Import took 0.011838 seconds .

========================================================================
Received Import Request.
  Time since last request: 10.380703 seconds.
  path: Assets/Sprites/Environment
  artifactKey: Guid(e754ba60fd66b7045ac2ac8ead3a9edf) Importer(815301076,1909f56bfc062723c751e8b465ee728b)
Start importing Assets/Sprites/Environment using Guid(e754ba60fd66b7045ac2ac8ead3a9edf) Importer(815301076,1909f56bfc062723c751e8b465ee728b)  -> (artifact id: '297071730df244d76426b9144cf72e22') in 0.002496 seconds 
  Import took 0.010153 seconds .

========================================================================
Received Import Request.
  Time since last request: 55.954991 seconds.
  path: Assets/Sprites/Environment/UniversalRenderPipelineAsset.asset
  artifactKey: Guid(4ace6750e8b3c804c8119c0ecd763d60) Importer(815301076,1909f56bfc062723c751e8b465ee728b)
Start importing Assets/Sprites/Environment/UniversalRenderPipelineAsset.asset using Guid(4ace6750e8b3c804c8119c0ecd763d60) Importer(815301076,1909f56bfc062723c751e8b465ee728b)  -> (artifact id: '239d27015f57c2a958e50e3a701cf446') in 0.062438 seconds 
  Import took 0.070678 seconds .

========================================================================
Received Import Request.
  Time since last request: 0.000228 seconds.
  path: Assets/Sprites/Environment/UniversalRenderPipelineAsset_Renderer.asset
  artifactKey: Guid(7d69b3894fbf7254f8a8afb08a56f17f) Importer(815301076,1909f56bfc062723c751e8b465ee728b)
Start importing Assets/Sprites/Environment/UniversalRenderPipelineAsset_Renderer.asset using Guid(7d69b3894fbf7254f8a8afb08a56f17f) Importer(815301076,1909f56bfc062723c751e8b465ee728b)  -> (artifact id: '7e6f208368c67adf9aa4d7f11ae68964') in 0.020410 seconds 
  Import took 0.029894 seconds .

========================================================================
Received Import Request.
  Time since last request: 29.436347 seconds.
  path: Assets/URP Asset.asset
  artifactKey: Guid(4ace6750e8b3c804c8119c0ecd763d60) Importer(815301076,1909f56bfc062723c751e8b465ee728b)
Start importing Assets/URP Asset.asset using Guid(4ace6750e8b3c804c8119c0ecd763d60) Importer(815301076,1909f56bfc062723c751e8b465ee728b)  -> (artifact id: 'bf42d342cc46443a67a9fba9019798e8') in 0.017563 seconds 
  Import took 0.024194 seconds .

========================================================================
Received Import Request.
  Time since last request: 9.577497 seconds.
  path: Assets/URP Renderer.asset
  artifactKey: Guid(7d69b3894fbf7254f8a8afb08a56f17f) Importer(815301076,1909f56bfc062723c751e8b465ee728b)
Start importing Assets/URP Renderer.asset using Guid(7d69b3894fbf7254f8a8afb08a56f17f) Importer(815301076,1909f56bfc062723c751e8b465ee728b)  -> (artifact id: '2c2aff4e93afc7213a989fb33f0a04e1') in 0.016253 seconds 
  Import took 0.022648 seconds .

========================================================================
Received Import Request.
  Time since last request: 6.407567 seconds.
  path: Assets/Misc
  artifactKey: Guid(06b29947a7012e948afd41c3507d5435) Importer(815301076,1909f56bfc062723c751e8b465ee728b)
Start importing Assets/Misc using Guid(06b29947a7012e948afd41c3507d5435) Importer(815301076,1909f56bfc062723c751e8b465ee728b)  -> (artifact id: '81dba4f91fae4b7fbbc0235ad9c46f16') in 0.003072 seconds 
  Import took 0.011594 seconds .

========================================================================
Received Prepare
Refreshing native plugins compatible for Editor in 4.53 ms, found 3 plugins.
Preloading 0 native plugins for Editor in 0.00 ms.
Unloading 63 Unused Serialized files (Serialized files now loaded: 0)
System memory in use before: 73.5 MB.
System memory in use after: 73.8 MB.

Unloading 15 unused Assets to reduce memory usage. Loaded Objects now: 3672.
Total: 6.385263 ms (FindLiveObjects: 0.379757 ms CreateObjectMapping: 0.323773 ms MarkObjects: 5.657474 ms  DeleteObjects: 0.022705 ms)

AssetImportParameters requested are different than current active one (requested -> active):
  custom:framework-win-MediaFoundation: 216162199b28c13a410421893ffa2e32 -> 
  custom:video-decoder-ogg-theora: a1e56fd34408186e4bbccfd4996cb3dc -> 
  custom:container-muxer-webm: aa71ff27fc2769a1b78a27578f13a17b -> 
  custom:container-demuxer-webm: 4f35f7cbe854078d1ac9338744f61a02 -> 
  custom:container-demuxer-ogg: 62fdf1f143b41e24485cea50d1cbac27 -> 
  custom:video-encoder-webm-vp8: eb34c28f22e8b96e1ab97ce403110664 -> 
  custom:video-decoder-webm-vp8: 9c59270c3fd7afecdb556c50c9e8de78 -> 
  custom:audio-decoder-ogg-vorbis: bf7c407c2cedff20999df2af8eb42d56 -> 
  custom:audio-encoder-webm-vorbis: bf7c407c2cedff20999df2af8eb42d56 -> 
========================================================================
Received Import Request.
  Time since last request: 158.594781 seconds.
  path: Assets/Scenes
  artifactKey: Guid(84c81bc00e7ba9c49859bf0f76dcbbec) Importer(815301076,1909f56bfc062723c751e8b465ee728b)
Start importing Assets/Scenes using Guid(84c81bc00e7ba9c49859bf0f76dcbbec) Importer(815301076,1909f56bfc062723c751e8b465ee728b)  -> (artifact id: '249e39bf40c30ba729a9d684314a4324') in 0.002947 seconds 
  Import took 0.010815 seconds .

========================================================================
Received Import Request.
  Time since last request: 13.281924 seconds.
  path: Assets/Scenes/LocalesJapan
  artifactKey: Guid(b98788d43d71d6547a0f9aefd0c0171d) Importer(815301076,1909f56bfc062723c751e8b465ee728b)
Start importing Assets/Scenes/LocalesJapan using Guid(b98788d43d71d6547a0f9aefd0c0171d) Importer(815301076,1909f56bfc062723c751e8b465ee728b)  -> (artifact id: 'e99f6627881e65044daded24204a6b80') in 0.002524 seconds 
  Import took 0.008916 seconds .

========================================================================
Received Import Request.
  Time since last request: 9.706841 seconds.
  path: Assets/Scenes/TEST
  artifactKey: Guid(d84280e2ee5a42345bbdd4fd942e67d4) Importer(815301076,1909f56bfc062723c751e8b465ee728b)
Start importing Assets/Scenes/TEST using Guid(d84280e2ee5a42345bbdd4fd942e67d4) Importer(815301076,1909f56bfc062723c751e8b465ee728b)  -> (artifact id: 'eaf2d62272dd7a140e940f0cb8a63a37') in 0.002496 seconds 
  Import took 0.011238 seconds .

========================================================================
Received Import Request.
  Time since last request: 7.478418 seconds.
  path: Assets/Scenes/TEST/SampleScene.unity
  artifactKey: Guid(2cda990e2423bbf4892e6590ba056729) Importer(815301076,1909f56bfc062723c751e8b465ee728b)
Start importing Assets/Scenes/TEST/SampleScene.unity using Guid(2cda990e2423bbf4892e6590ba056729) Importer(815301076,1909f56bfc062723c751e8b465ee728b)  -> (artifact id: '93f7722617eec2b2a78e932b15959f12') in 0.006501 seconds 
  Import took 0.013624 seconds .

========================================================================
Received Import Request.
  Time since last request: 8.453667 seconds.
  path: Assets/Scenes/TEST/NichTest.unity
  artifactKey: Guid(2cda990e2423bbf4892e6590ba056729) Importer(815301076,1909f56bfc062723c751e8b465ee728b)
Start importing Assets/Scenes/TEST/NichTest.unity using Guid(2cda990e2423bbf4892e6590ba056729) Importer(815301076,1909f56bfc062723c751e8b465ee728b)  -> (artifact id: 'cd8892b91ad5b03f66aeb6c0feb05308') in 0.002749 seconds 
  Import took 0.009906 seconds .

========================================================================
Received Import Request.
  Time since last request: 17.526973 seconds.
  path: Assets/Scenes/Transitions
  artifactKey: Guid(7ce4f767977b5b44cab08c65d362b8fe) Importer(815301076,1909f56bfc062723c751e8b465ee728b)
Start importing Assets/Scenes/Transitions using Guid(7ce4f767977b5b44cab08c65d362b8fe) Importer(815301076,1909f56bfc062723c751e8b465ee728b)  -> (artifact id: '3dada52b027ecf39ba4824fb5c31a905') in 0.006355 seconds 
  Import took 0.014418 seconds .

========================================================================
Received Import Request.
  Time since last request: 37.618838 seconds.
  path: Assets/Misc/New SceneTemplate.scenetemplate
  artifactKey: Guid(099e96d3e3943074ba76b3041db66814) Importer(815301076,1909f56bfc062723c751e8b465ee728b)
Start importing Assets/Misc/New SceneTemplate.scenetemplate using Guid(099e96d3e3943074ba76b3041db66814) Importer(815301076,1909f56bfc062723c751e8b465ee728b)  -> (artifact id: '67a8db8f3a93f853daad469386605da8') in 0.017625 seconds 
  Import took 0.024179 seconds .

========================================================================
Received Import Request.
  Time since last request: 0.002565 seconds.
  path: Assets/Misc/New SceneTemplate.scenetemplate
  artifactKey: Guid(099e96d3e3943074ba76b3041db66814) Importer(815301076,1909f56bfc062723c751e8b465ee728b)
Start importing Assets/Misc/New SceneTemplate.scenetemplate using Guid(099e96d3e3943074ba76b3041db66814) Importer(815301076,1909f56bfc062723c751e8b465ee728b)  -> (artifact id: '67a8db8f3a93f853daad469386605da8') in 0.004916 seconds 
  Import took 0.010605 seconds .

========================================================================
Received Import Request.
  Time since last request: 82.198571 seconds.
  path: Assets/Prefabs
  artifactKey: Guid(72f9c59975868bf408fbd576a30ec7c5) Importer(815301076,1909f56bfc062723c751e8b465ee728b)
Start importing Assets/Prefabs using Guid(72f9c59975868bf408fbd576a30ec7c5) Importer(815301076,1909f56bfc062723c751e8b465ee728b)  -> (artifact id: '519f4a7f908e2d9e736ed914f8332939') in 0.002965 seconds 
  Import took 0.011197 seconds .

========================================================================
Received Import Request.
  Time since last request: 68.117182 seconds.
  path: Assets/Fonts
  artifactKey: Guid(467c73c0fe1d2d94bb3330c2484e56f4) Importer(815301076,1909f56bfc062723c751e8b465ee728b)
Start importing Assets/Fonts using Guid(467c73c0fe1d2d94bb3330c2484e56f4) Importer(815301076,1909f56bfc062723c751e8b465ee728b)  -> (artifact id: '656e1d49a7379199c611e07ea9d33c46') in 0.003735 seconds 
  Import took 0.010971 seconds .

========================================================================
Received Import Request.
  Time since last request: 183.336393 seconds.
  path: Assets/Scenes/TransitionsAndCutscenes
  artifactKey: Guid(7ce4f767977b5b44cab08c65d362b8fe) Importer(815301076,1909f56bfc062723c751e8b465ee728b)
Start importing Assets/Scenes/TransitionsAndCutscenes using Guid(7ce4f767977b5b44cab08c65d362b8fe) Importer(815301076,1909f56bfc062723c751e8b465ee728b)  -> (artifact id: 'a39be5fe50dd642c87c45bc8ceeb23ec') in 0.004686 seconds 
  Import took 0.012413 seconds .

========================================================================
Received Import Request.
  Time since last request: 16.761187 seconds.
  path: Assets/Animations
  artifactKey: Guid(82b3aa8b484d01b4e84d9568e75073e3) Importer(815301076,1909f56bfc062723c751e8b465ee728b)
Start importing Assets/Animations using Guid(82b3aa8b484d01b4e84d9568e75073e3) Importer(815301076,1909f56bfc062723c751e8b465ee728b)  -> (artifact id: '446ad47699e558af56f9f8849e7d5eeb') in 0.002460 seconds 
  Import took 0.010571 seconds .

========================================================================
Received Prepare
Registering precompiled user dll's ...
Registered in 0.003735 seconds.
Begin MonoManager ReloadAssembly
Native extension for WindowsStandalone target not found
Native extension for WebGL target not found
Refreshing native plugins compatible for Editor in 0.69 ms, found 3 plugins.
Preloading 0 native plugins for Editor in 0.00 ms.
Mono: successfully reloaded assembly
- Completed reload, in  1.221 seconds
Domain Reload Profiling:
	ReloadAssembly (1222ms)
		BeginReloadAssembly (114ms)
			ExecutionOrderSort (0ms)
			DisableScriptedObjects (7ms)
			BackupInstance (0ms)
			ReleaseScriptingObjects (0ms)
			CreateAndSetChildDomain (42ms)
		EndReloadAssembly (1048ms)
			LoadAssemblies (88ms)
			RebuildTransferFunctionScriptingTraits (0ms)
			SetupTypeCache (359ms)
			ReleaseScriptCaches (1ms)
			RebuildScriptCaches (52ms)
			SetupLoadedEditorAssemblies (412ms)
				LogAssemblyErrors (0ms)
				InitializePlatformSupportModulesInManaged (6ms)
				SetLoadedEditorAssemblies (0ms)
				RefreshPlugins (1ms)
				BeforeProcessingInitializeOnLoad (105ms)
				ProcessInitializeOnLoadAttributes (289ms)
				ProcessInitializeOnLoadMethodAttributes (7ms)
				AfterProcessingInitializeOnLoad (4ms)
				EditorAssembliesLoaded (0ms)
			ExecutionOrderSort2 (0ms)
			AwakeInstancesAfterBackupRestoration (17ms)
Platform modules already initialized, skipping
Refreshing native plugins compatible for Editor in 0.67 ms, found 3 plugins.
Preloading 0 native plugins for Editor in 0.00 ms.
Unloading 3122 Unused Serialized files (Serialized files now loaded: 0)
System memory in use before: 133.6 MB.
System memory in use after: 133.8 MB.

Unloading 17 unused Assets to reduce memory usage. Loaded Objects now: 3675.
Total: 3.882476 ms (FindLiveObjects: 0.311643 ms CreateObjectMapping: 0.181947 ms MarkObjects: 3.366181 ms  DeleteObjects: 0.020838 ms)

AssetImportParameters requested are different than current active one (requested -> active):
  custom:framework-win-MediaFoundation: 216162199b28c13a410421893ffa2e32 -> 
  custom:video-decoder-ogg-theora: a1e56fd34408186e4bbccfd4996cb3dc -> 
  custom:container-muxer-webm: aa71ff27fc2769a1b78a27578f13a17b -> 
  custom:container-demuxer-webm: 4f35f7cbe854078d1ac9338744f61a02 -> 
  custom:container-demuxer-ogg: 62fdf1f143b41e24485cea50d1cbac27 -> 
  custom:video-encoder-webm-vp8: eb34c28f22e8b96e1ab97ce403110664 -> 
  custom:video-decoder-webm-vp8: 9c59270c3fd7afecdb556c50c9e8de78 -> 
  custom:audio-decoder-ogg-vorbis: bf7c407c2cedff20999df2af8eb42d56 -> 
  custom:audio-encoder-webm-vorbis: bf7c407c2cedff20999df2af8eb42d56 -> 
========================================================================
Received Import Request.
  Time since last request: 1024.377671 seconds.
  path: Assets/Sprites/New Piskel.png
  artifactKey: Guid(9b5f24e3681b92548bea21f43676a06d) Importer(815301076,1909f56bfc062723c751e8b465ee728b)
Start importing Assets/Sprites/New Piskel.png using Guid(9b5f24e3681b92548bea21f43676a06d) Importer(815301076,1909f56bfc062723c751e8b465ee728b)  -> (artifact id: '8d9298c3ba89ed379bb445e8b8efe6ec') in 0.084447 seconds 
  Import took 0.089954 seconds .

========================================================================
Received Prepare
Registering precompiled user dll's ...
Registered in 0.002967 seconds.
Begin MonoManager ReloadAssembly
Native extension for WindowsStandalone target not found
Native extension for WebGL target not found
Refreshing native plugins compatible for Editor in 0.74 ms, found 3 plugins.
Preloading 0 native plugins for Editor in 0.00 ms.
Mono: successfully reloaded assembly
- Completed reload, in  1.235 seconds
Domain Reload Profiling:
	ReloadAssembly (1236ms)
		BeginReloadAssembly (120ms)
			ExecutionOrderSort (0ms)
			DisableScriptedObjects (8ms)
			BackupInstance (0ms)
			ReleaseScriptingObjects (0ms)
			CreateAndSetChildDomain (46ms)
		EndReloadAssembly (1058ms)
			LoadAssemblies (90ms)
			RebuildTransferFunctionScriptingTraits (0ms)
			SetupTypeCache (355ms)
			ReleaseScriptCaches (2ms)
			RebuildScriptCaches (53ms)
			SetupLoadedEditorAssemblies (423ms)
				LogAssemblyErrors (0ms)
				InitializePlatformSupportModulesInManaged (5ms)
				SetLoadedEditorAssemblies (0ms)
				RefreshPlugins (1ms)
				BeforeProcessingInitializeOnLoad (107ms)
				ProcessInitializeOnLoadAttributes (301ms)
				ProcessInitializeOnLoadMethodAttributes (5ms)
				AfterProcessingInitializeOnLoad (3ms)
				EditorAssembliesLoaded (0ms)
			ExecutionOrderSort2 (0ms)
			AwakeInstancesAfterBackupRestoration (15ms)
Platform modules already initialized, skipping
Refreshing native plugins compatible for Editor in 0.73 ms, found 3 plugins.
Preloading 0 native plugins for Editor in 0.00 ms.
Unloading 3122 Unused Serialized files (Serialized files now loaded: 0)
System memory in use before: 136.6 MB.
System memory in use after: 136.8 MB.

Unloading 17 unused Assets to reduce memory usage. Loaded Objects now: 3684.
Total: 4.544951 ms (FindLiveObjects: 0.454402 ms CreateObjectMapping: 0.329060 ms MarkObjects: 3.723545 ms  DeleteObjects: 0.037012 ms)

AssetImportParameters requested are different than current active one (requested -> active):
  custom:framework-win-MediaFoundation: 216162199b28c13a410421893ffa2e32 -> 
  custom:video-decoder-ogg-theora: a1e56fd34408186e4bbccfd4996cb3dc -> 
  custom:container-muxer-webm: aa71ff27fc2769a1b78a27578f13a17b -> 
  custom:container-demuxer-webm: 4f35f7cbe854078d1ac9338744f61a02 -> 
  custom:container-demuxer-ogg: 62fdf1f143b41e24485cea50d1cbac27 -> 
  custom:video-encoder-webm-vp8: eb34c28f22e8b96e1ab97ce403110664 -> 
  custom:video-decoder-webm-vp8: 9c59270c3fd7afecdb556c50c9e8de78 -> 
  custom:audio-decoder-ogg-vorbis: bf7c407c2cedff20999df2af8eb42d56 -> 
  custom:audio-encoder-webm-vorbis: bf7c407c2cedff20999df2af8eb42d56 -> 
========================================================================
Received Import Request.
  Time since last request: 269.444875 seconds.
  path: Assets/Misc/URP Asset.asset
  artifactKey: Guid(4ace6750e8b3c804c8119c0ecd763d60) Importer(815301076,1909f56bfc062723c751e8b465ee728b)
Start importing Assets/Misc/URP Asset.asset using Guid(4ace6750e8b3c804c8119c0ecd763d60) Importer(815301076,1909f56bfc062723c751e8b465ee728b)  -> (artifact id: 'f441a45b926f1de9e8f614749dc239d1') in 0.021145 seconds 
  Import took 0.028700 seconds .

========================================================================
Received Import Request.
  Time since last request: 0.000228 seconds.
  path: Assets/Misc/URP Renderer.asset
  artifactKey: Guid(7d69b3894fbf7254f8a8afb08a56f17f) Importer(815301076,1909f56bfc062723c751e8b465ee728b)
Start importing Assets/Misc/URP Renderer.asset using Guid(7d69b3894fbf7254f8a8afb08a56f17f) Importer(815301076,1909f56bfc062723c751e8b465ee728b)  -> (artifact id: 'ebf8fefd7cc681cc3aa5762cb252d01a') in 0.005491 seconds 
  Import took 0.013903 seconds .

========================================================================
Received Import Request.
  Time since last request: 163.753566 seconds.
  path: Assets/Misc/2d Renderer.asset
  artifactKey: Guid(f997abfaddd725247a2d416fb27ff4e1) Importer(815301076,1909f56bfc062723c751e8b465ee728b)
Start importing Assets/Misc/2d Renderer.asset using Guid(f997abfaddd725247a2d416fb27ff4e1) Importer(815301076,1909f56bfc062723c751e8b465ee728b)  -> (artifact id: 'ffc2f117b35878ad5bff169b6aed5f73') in 0.008913 seconds 
  Import took 0.016395 seconds .

========================================================================
Received Import Request.
  Time since last request: 0.000486 seconds.
  path: Assets/Misc/2d Renderer.asset
  artifactKey: Guid(f997abfaddd725247a2d416fb27ff4e1) Importer(815301076,1909f56bfc062723c751e8b465ee728b)
Start importing Assets/Misc/2d Renderer.asset using Guid(f997abfaddd725247a2d416fb27ff4e1) Importer(815301076,1909f56bfc062723c751e8b465ee728b)  -> (artifact id: 'ffc2f117b35878ad5bff169b6aed5f73') in 0.003613 seconds 
  Import took 0.009439 seconds .

========================================================================
Received Prepare
Refreshing native plugins compatible for Editor in 3.72 ms, found 3 plugins.
Preloading 0 native plugins for Editor in 0.00 ms.
Unloading 19 Unused Serialized files (Serialized files now loaded: 0)
System memory in use before: 75.5 MB.
System memory in use after: 75.7 MB.

Unloading 15 unused Assets to reduce memory usage. Loaded Objects now: 3688.
Total: 5.175391 ms (FindLiveObjects: 0.269966 ms CreateObjectMapping: 0.208695 ms MarkObjects: 4.667494 ms  DeleteObjects: 0.028303 ms)

AssetImportParameters requested are different than current active one (requested -> active):
  custom:framework-win-MediaFoundation: 216162199b28c13a410421893ffa2e32 -> 
  custom:video-decoder-ogg-theora: a1e56fd34408186e4bbccfd4996cb3dc -> 
  custom:container-muxer-webm: aa71ff27fc2769a1b78a27578f13a17b -> 
  custom:container-demuxer-webm: 4f35f7cbe854078d1ac9338744f61a02 -> 
  custom:container-demuxer-ogg: 62fdf1f143b41e24485cea50d1cbac27 -> 
  custom:video-encoder-webm-vp8: eb34c28f22e8b96e1ab97ce403110664 -> 
  custom:video-decoder-webm-vp8: 9c59270c3fd7afecdb556c50c9e8de78 -> 
  custom:audio-decoder-ogg-vorbis: bf7c407c2cedff20999df2af8eb42d56 -> 
  custom:audio-encoder-webm-vorbis: bf7c407c2cedff20999df2af8eb42d56 -> 
========================================================================
Received Import Request.
  Time since last request: 31.623320 seconds.
  path: Assets/Misc/URP Asset.asset
  artifactKey: Guid(4ace6750e8b3c804c8119c0ecd763d60) Importer(815301076,1909f56bfc062723c751e8b465ee728b)
Start importing Assets/Misc/URP Asset.asset using Guid(4ace6750e8b3c804c8119c0ecd763d60) Importer(815301076,1909f56bfc062723c751e8b465ee728b)  -> (artifact id: 'cd986c4b0a19b43d094bf467455f23ec') in 0.006146 seconds 
  Import took 0.012650 seconds .

========================================================================
Received Prepare
Registering precompiled user dll's ...
Registered in 0.003153 seconds.
Begin MonoManager ReloadAssembly
Native extension for WindowsStandalone target not found
Native extension for WebGL target not found
Refreshing native plugins compatible for Editor in 0.89 ms, found 3 plugins.
Preloading 0 native plugins for Editor in 0.00 ms.
Mono: successfully reloaded assembly
- Completed reload, in  1.293 seconds
Domain Reload Profiling:
	ReloadAssembly (1294ms)
		BeginReloadAssembly (115ms)
			ExecutionOrderSort (0ms)
			DisableScriptedObjects (8ms)
			BackupInstance (0ms)
			ReleaseScriptingObjects (0ms)
			CreateAndSetChildDomain (45ms)
		EndReloadAssembly (1112ms)
			LoadAssemblies (93ms)
			RebuildTransferFunctionScriptingTraits (0ms)
			SetupTypeCache (361ms)
			ReleaseScriptCaches (2ms)
			RebuildScriptCaches (51ms)
			SetupLoadedEditorAssemblies (453ms)
				LogAssemblyErrors (0ms)
				InitializePlatformSupportModulesInManaged (5ms)
				SetLoadedEditorAssemblies (0ms)
				RefreshPlugins (1ms)
				BeforeProcessingInitializeOnLoad (115ms)
				ProcessInitializeOnLoadAttributes (321ms)
				ProcessInitializeOnLoadMethodAttributes (7ms)
				AfterProcessingInitializeOnLoad (3ms)
				EditorAssembliesLoaded (0ms)
			ExecutionOrderSort2 (0ms)
			AwakeInstancesAfterBackupRestoration (19ms)
Platform modules already initialized, skipping
Refreshing native plugins compatible for Editor in 0.67 ms, found 3 plugins.
Preloading 0 native plugins for Editor in 0.00 ms.
Unloading 3123 Unused Serialized files (Serialized files now loaded: 0)
System memory in use before: 136.7 MB.
System memory in use after: 136.9 MB.

Unloading 17 unused Assets to reduce memory usage. Loaded Objects now: 3692.
Total: 4.554904 ms (FindLiveObjects: 0.380379 ms CreateObjectMapping: 0.326883 ms MarkObjects: 3.807831 ms  DeleteObjects: 0.037634 ms)

AssetImportParameters requested are different than current active one (requested -> active):
  custom:framework-win-MediaFoundation: 216162199b28c13a410421893ffa2e32 -> 
  custom:video-decoder-ogg-theora: a1e56fd34408186e4bbccfd4996cb3dc -> 
  custom:container-muxer-webm: aa71ff27fc2769a1b78a27578f13a17b -> 
  custom:container-demuxer-webm: 4f35f7cbe854078d1ac9338744f61a02 -> 
  custom:container-demuxer-ogg: 62fdf1f143b41e24485cea50d1cbac27 -> 
  custom:video-encoder-webm-vp8: eb34c28f22e8b96e1ab97ce403110664 -> 
  custom:video-decoder-webm-vp8: 9c59270c3fd7afecdb556c50c9e8de78 -> 
  custom:audio-decoder-ogg-vorbis: bf7c407c2cedff20999df2af8eb42d56 -> 
  custom:audio-encoder-webm-vorbis: bf7c407c2cedff20999df2af8eb42d56 -> 
========================================================================
Received Prepare
Registering precompiled user dll's ...
Registered in 0.003106 seconds.
Begin MonoManager ReloadAssembly
Native extension for WindowsStandalone target not found
Native extension for WebGL target not found
Refreshing native plugins compatible for Editor in 0.95 ms, found 3 plugins.
Preloading 0 native plugins for Editor in 0.00 ms.
Mono: successfully reloaded assembly
- Completed reload, in  1.381 seconds
Domain Reload Profiling:
	ReloadAssembly (1382ms)
		BeginReloadAssembly (116ms)
			ExecutionOrderSort (0ms)
			DisableScriptedObjects (7ms)
			BackupInstance (0ms)
			ReleaseScriptingObjects (0ms)
			CreateAndSetChildDomain (45ms)
		EndReloadAssembly (1202ms)
			LoadAssemblies (96ms)
			RebuildTransferFunctionScriptingTraits (0ms)
			SetupTypeCache (369ms)
			ReleaseScriptCaches (2ms)
			RebuildScriptCaches (53ms)
			SetupLoadedEditorAssemblies (540ms)
				LogAssemblyErrors (0ms)
				InitializePlatformSupportModulesInManaged (6ms)
				SetLoadedEditorAssemblies (1ms)
				RefreshPlugins (1ms)
				BeforeProcessingInitializeOnLoad (111ms)
				ProcessInitializeOnLoadAttributes (412ms)
				ProcessInitializeOnLoadMethodAttributes (5ms)
				AfterProcessingInitializeOnLoad (4ms)
				EditorAssembliesLoaded (0ms)
			ExecutionOrderSort2 (0ms)
			AwakeInstancesAfterBackupRestoration (17ms)
Platform modules already initialized, skipping
Refreshing native plugins compatible for Editor in 0.65 ms, found 3 plugins.
Preloading 0 native plugins for Editor in 0.00 ms.
Unloading 3122 Unused Serialized files (Serialized files now loaded: 0)
System memory in use before: 136.7 MB.
System memory in use after: 137.0 MB.

Unloading 17 unused Assets to reduce memory usage. Loaded Objects now: 3695.
Total: 4.242328 ms (FindLiveObjects: 0.377580 ms CreateObjectMapping: 0.129385 ms MarkObjects: 3.699907 ms  DeleteObjects: 0.034212 ms)

AssetImportParameters requested are different than current active one (requested -> active):
  custom:framework-win-MediaFoundation: 216162199b28c13a410421893ffa2e32 -> 
  custom:video-decoder-ogg-theora: a1e56fd34408186e4bbccfd4996cb3dc -> 
  custom:container-muxer-webm: aa71ff27fc2769a1b78a27578f13a17b -> 
  custom:container-demuxer-webm: 4f35f7cbe854078d1ac9338744f61a02 -> 
  custom:container-demuxer-ogg: 62fdf1f143b41e24485cea50d1cbac27 -> 
  custom:video-encoder-webm-vp8: eb34c28f22e8b96e1ab97ce403110664 -> 
  custom:video-decoder-webm-vp8: 9c59270c3fd7afecdb556c50c9e8de78 -> 
  custom:audio-decoder-ogg-vorbis: bf7c407c2cedff20999df2af8eb42d56 -> 
  custom:audio-encoder-webm-vorbis: bf7c407c2cedff20999df2af8eb42d56 -> 
========================================================================
Received Prepare
Registering precompiled user dll's ...
Registered in 0.003916 seconds.
Begin MonoManager ReloadAssembly
Native extension for WindowsStandalone target not found
Native extension for WebGL target not found
Refreshing native plugins compatible for Editor in 0.67 ms, found 3 plugins.
Preloading 0 native plugins for Editor in 0.00 ms.
Mono: successfully reloaded assembly
- Completed reload, in  1.236 seconds
Domain Reload Profiling:
	ReloadAssembly (1237ms)
		BeginReloadAssembly (106ms)
			ExecutionOrderSort (0ms)
			DisableScriptedObjects (7ms)
			BackupInstance (0ms)
			ReleaseScriptingObjects (0ms)
			CreateAndSetChildDomain (39ms)
		EndReloadAssembly (1072ms)
			LoadAssemblies (88ms)
			RebuildTransferFunctionScriptingTraits (0ms)
			SetupTypeCache (341ms)
			ReleaseScriptCaches (2ms)
			RebuildScriptCaches (49ms)
			SetupLoadedEditorAssemblies (447ms)
				LogAssemblyErrors (0ms)
				InitializePlatformSupportModulesInManaged (5ms)
				SetLoadedEditorAssemblies (0ms)
				RefreshPlugins (1ms)
				BeforeProcessingInitializeOnLoad (101ms)
				ProcessInitializeOnLoadAttributes (329ms)
				ProcessInitializeOnLoadMethodAttributes (7ms)
				AfterProcessingInitializeOnLoad (4ms)
				EditorAssembliesLoaded (0ms)
			ExecutionOrderSort2 (0ms)
			AwakeInstancesAfterBackupRestoration (20ms)
Platform modules already initialized, skipping
Refreshing native plugins compatible for Editor in 0.79 ms, found 3 plugins.
Preloading 0 native plugins for Editor in 0.00 ms.
Unloading 3122 Unused Serialized files (Serialized files now loaded: 0)
System memory in use before: 136.7 MB.
System memory in use after: 137.0 MB.

Unloading 17 unused Assets to reduce memory usage. Loaded Objects now: 3698.
Total: 4.403126 ms (FindLiveObjects: 0.278053 ms CreateObjectMapping: 0.132184 ms MarkObjects: 3.963342 ms  DeleteObjects: 0.028303 ms)

AssetImportParameters requested are different than current active one (requested -> active):
  custom:framework-win-MediaFoundation: 216162199b28c13a410421893ffa2e32 -> 
  custom:video-decoder-ogg-theora: a1e56fd34408186e4bbccfd4996cb3dc -> 
  custom:container-muxer-webm: aa71ff27fc2769a1b78a27578f13a17b -> 
  custom:container-demuxer-webm: 4f35f7cbe854078d1ac9338744f61a02 -> 
  custom:container-demuxer-ogg: 62fdf1f143b41e24485cea50d1cbac27 -> 
  custom:video-encoder-webm-vp8: eb34c28f22e8b96e1ab97ce403110664 -> 
  custom:video-decoder-webm-vp8: 9c59270c3fd7afecdb556c50c9e8de78 -> 
  custom:audio-decoder-ogg-vorbis: bf7c407c2cedff20999df2af8eb42d56 -> 
  custom:audio-encoder-webm-vorbis: bf7c407c2cedff20999df2af8eb42d56 -> 
AssetImportWorkerClient::OnTransportError - code=2 error=End of file
